Apr 25 20:30:59 Updated: libgcc-4.8.5-36.el7_6.1.x86_64
Apr 25 20:31:03 Updated: glibc-common-2.17-260.el7_6.4.x86_64
Apr 25 20:31:04 Updated: glibc-2.17-260.el7_6.4.x86_64
Apr 25 20:31:04 Updated: 1:openssl-libs-1.0.2k-16.el7_6.1.x86_64
Apr 25 20:31:04 Installed: mpfr-3.1.1-4.el7.x86_64
Apr 25 20:31:04 Installed: libmpc-1.0.1-3.el7.x86_64
Apr 25 20:31:04 Installed: 1:perl-parent-0.225-244.el7.noarch
Apr 25 20:31:04 Installed: perl-HTTP-Tiny-0.033-3.el7.noarch
Apr 25 20:31:04 Installed: perl-Pod-Perldoc-3.20-4.el7.noarch
Apr 25 20:31:04 Installed: perl-podlators-2.5.1-3.el7.noarch
Apr 25 20:31:04 Installed: 1:perl-Pod-Escapes-1.04-294.el7_6.noarch
Apr 25 20:31:05 Installed: perl-Pod-Usage-1.63-3.el7.noarch
Apr 25 20:31:05 Installed: perl-Encode-2.51-7.el7.x86_64
Apr 25 20:31:05 Installed: perl-Text-ParseWords-3.29-4.el7.noarch
Apr 25 20:31:05 Installed: 4:perl-libs-5.16.3-294.el7_6.x86_64
Apr 25 20:31:05 Installed: 4:perl-macros-5.16.3-294.el7_6.x86_64
Apr 25 20:31:05 Installed: 4:perl-Time-HiRes-1.9725-3.el7.x86_64
Apr 25 20:31:05 Installed: perl-constant-1.27-2.el7.noarch
Apr 25 20:31:05 Installed: perl-threads-1.87-4.el7.x86_64
Apr 25 20:31:05 Installed: perl-Time-Local-1.2300-2.el7.noarch
Apr 25 20:31:05 Installed: perl-Socket-2.010-4.el7.x86_64
Apr 25 20:31:05 Installed: perl-Carp-1.26-244.el7.noarch
Apr 25 20:31:05 Installed: perl-threads-shared-1.43-6.el7.x86_64
Apr 25 20:31:05 Installed: perl-PathTools-3.40-5.el7.x86_64
Apr 25 20:31:05 Installed: perl-Scalar-List-Utils-1.27-248.el7.x86_64
Apr 25 20:31:05 Installed: perl-Exporter-5.68-3.el7.noarch
Apr 25 20:31:05 Installed: perl-Storable-2.45-3.el7.x86_64
Apr 25 20:31:05 Installed: perl-File-Temp-0.23.01-3.el7.noarch
Apr 25 20:31:05 Installed: perl-File-Path-2.09-2.el7.noarch
Apr 25 20:31:05 Installed: 1:perl-Pod-Simple-3.28-4.el7.noarch
Apr 25 20:31:06 Installed: perl-Getopt-Long-2.40-3.el7.noarch
Apr 25 20:31:06 Installed: perl-Filter-1.49-3.el7.x86_64
Apr 25 20:31:07 Installed: 4:perl-5.16.3-294.el7_6.x86_64
Apr 25 20:31:07 Installed: zlib-devel-1.2.7-18.el7.x86_64
Apr 25 20:31:07 Installed: perl-Thread-Queue-3.02-2.el7.noarch
Apr 25 20:31:08 Installed: cpp-4.8.5-36.el7_6.1.x86_64
Apr 25 20:31:08 Updated: libgomp-4.8.5-36.el7_6.1.x86_64
Apr 25 20:31:08 Installed: dwz-0.11-3.el7.x86_64
Apr 25 20:31:08 Installed: gdb-7.6.1-114.el7.x86_64
Apr 25 20:31:08 Installed: zip-3.0-11.el7.x86_64
Apr 25 20:31:08 Installed: libkadm5-1.15.1-37.el7_6.x86_64
Apr 25 20:31:09 Installed: unzip-6.0-19.el7.x86_64
Apr 25 20:31:09 Installed: patch-2.7.1-10.el7_5.x86_64
Apr 25 20:31:09 Installed: elfutils-0.172-2.el7.x86_64
Apr 25 20:31:09 Installed: pcre-devel-8.32-17.el7.x86_64
Apr 25 20:31:09 Installed: libverto-devel-0.2.5-4.el7.x86_64
Apr 25 20:31:09 Installed: libsepol-devel-2.5-10.el7.x86_64
Apr 25 20:31:09 Installed: libselinux-devel-2.5-14.1.el7.x86_64
Apr 25 20:31:10 Installed: kernel-headers-3.10.0-957.10.1.el7.x86_64
Apr 25 20:31:10 Installed: glibc-headers-2.17-260.el7_6.4.x86_64
Apr 25 20:31:10 Installed: glibc-devel-2.17-260.el7_6.4.x86_64
Apr 25 20:31:10 Installed: perl-srpm-macros-1-8.el7.noarch
Apr 25 20:31:10 Installed: redhat-rpm-config-9.1.0-87.el7.centos.noarch
Apr 25 20:31:10 Installed: libcom_err-devel-1.42.9-13.el7.x86_64
Apr 25 20:31:10 Installed: keyutils-libs-devel-1.5.8-3.el7.x86_64
Apr 25 20:31:10 Installed: krb5-devel-1.15.1-37.el7_6.x86_64
Apr 25 20:31:11 Installed: 1:openssl-devel-1.0.2k-16.el7_6.1.x86_64
Apr 25 20:31:11 Installed: rpm-build-4.11.3-35.el7.x86_64
Apr 25 20:31:12 Installed: gcc-4.8.5-36.el7_6.1.x86_64
Apr 25 20:31:12 Installed: elfutils-libelf-devel-0.172-2.el7.x86_64
Apr 25 20:31:12 Updated: 1:openssl-1.0.2k-16.el7_6.1.x86_64
Apr 25 20:31:13 Installed: wget-1.14-18.el7.x86_64
Apr 25 20:31:13 Installed: bc-1.06.95-13.el7.x86_64
Apr 25 20:31:13 Installed: ncurses-devel-5.9-14.20130511.el7_4.x86_64
Apr 25 20:32:21 Installed: gpm-libs-1.20.7-5.el7.x86_64
Apr 25 20:32:22 Installed: 1:mc-4.8.7-11.el7.x86_64
Apr 25 20:40:40 Updated: libuuid-2.23.2-59.el7_6.1.x86_64
Apr 25 20:40:40 Updated: libblkid-2.23.2-59.el7_6.1.x86_64
Apr 25 20:40:40 Updated: 1:NetworkManager-libnm-1.12.0-10.el7_6.x86_64
Apr 25 20:40:42 Updated: python-libs-2.7.5-77.el7_6.x86_64
Apr 25 20:40:42 Updated: python-2.7.5-77.el7_6.x86_64
Apr 25 20:40:43 Updated: 2:shadow-utils-4.1.5.1-25.el7_6.1.x86_64
Apr 25 20:40:43 Updated: python-perf-3.10.0-957.10.1.el7.x86_64
Apr 25 20:40:43 Updated: libmount-2.23.2-59.el7_6.1.x86_64
Apr 25 20:40:43 Updated: libsmartcols-2.23.2-59.el7_6.1.x86_64
Apr 25 20:40:44 Updated: util-linux-2.23.2-59.el7_6.1.x86_64
Apr 25 20:40:44 Updated: kernel-tools-libs-3.10.0-957.10.1.el7.x86_64
Apr 25 20:40:44 Updated: 1:dbus-libs-1.10.24-13.el7_6.x86_64
Apr 25 20:40:44 Updated: 1:dbus-1.10.24-13.el7_6.x86_64
Apr 25 20:40:44 Updated: polkit-0.112-18.el7_6.1.x86_64
Apr 25 20:40:44 Updated: 1:NetworkManager-1.12.0-10.el7_6.x86_64
Apr 25 20:40:44 Updated: 1:NetworkManager-tui-1.12.0-10.el7_6.x86_64
Apr 25 20:40:44 Updated: 1:NetworkManager-team-1.12.0-10.el7_6.x86_64
Apr 25 20:40:45 Updated: tuned-2.10.0-6.el7_6.3.noarch
Apr 25 20:40:45 Updated: kernel-tools-3.10.0-957.10.1.el7.x86_64
Apr 25 20:40:45 Updated: xfsprogs-4.5.0-19.el7_6.x86_64
Apr 25 20:40:50 Installed: kernel-3.10.0-957.10.1.el7.x86_64
Apr 25 20:40:50 Updated: libstdc++-4.8.5-36.el7_6.1.x86_64
Apr 25 20:40:50 Updated: nss-pem-1.0.3-5.el7_6.1.x86_64
Apr 25 20:40:51 Updated: tzdata-2019a-1.el7.noarch
Apr 25 20:40:51 Updated: libssh2-1.4.3-12.el7_6.2.x86_64
Apr 25 20:42:13 Installed: nano-2.3.1-10.el7.x86_64
Apr 25 20:58:14 Installed: m4-1.4.16-10.el7.x86_64
Apr 25 20:58:14 Installed: bison-3.0.4-2.el7.x86_64
Apr 25 20:59:23 Installed: flex-2.5.37-6.el7.x86_64
